2026-03-08T16:31:53.9478542Z,Updating submodules.,cc4857b4-bf7d-4f68-a488-e380f2d253e0,0
2026-03-08T16:31:55.6316438Z,Preparing deployment for commit id '8deb55e7-7'.,af530aa1-ba34-447c-9774-7708f3af55a7,0
2026-03-08T16:31:57.2750645Z,PreDeployment: context.CleanOutputPath False,49461a2a-19d9-4a92-9444-64dd62a5f31e,0
2026-03-08T16:31:57.8676665Z,PreDeployment: context.OutputPath /home/site/wwwroot,a613f681-3f1f-43a3-bc1e-a378f39930ce,0
2026-03-08T16:31:58.4781821Z,Running build. Project type: OneDeploy,149b35a9-f649-4ad9-bf8c-c1e8eebe9242,0
2026-03-08T16:31:59.2597276Z,Copying the manifest,2f369366-5dd9-4507-b026-b9290dae3983,0
2026-03-08T16:32:00.1848787Z,Running deployment command...,7755e495-73f2-41a2-a500-6c01041fb5a4,0
	2026-03-08T16:32:00.2866039Z,Command: /opt/Kudu/Scripts/parallel_rsync.sh /tmp/zipdeploy/extracted /home/site/wwwroot 8 /tmp/ False False  ,,0
	2026-03-08T16:32:01.8512884Z,Run rsync from: /tmp/zipdeploy/extracted/ to: /home/site/wwwroot/ in 8 parallel threads,,0
	2026-03-08T16:32:02.1425551Z,Delete options: clean=False&comma; use manifest=False&comma; directory to ignore=,,0
	2026-03-08T16:32:02.2406276Z,Prev manifest = /home/site/deployments/12b33136-7079-44e2-819d-fd3d428dc8d8/manifest and next /home/site/deployments/8deb55e7-7b5a-40b1-9454-73ac25f22135/manifest,,0
	2026-03-08T16:32:02.6755969Z,Cleaning up /tmp//filelist.txt and /tmp//splits,,0
	2026-03-08T16:32:02.7967933Z,Creating a list of all files at /tmp//filelist.txt,,0
	2026-03-08T16:32:03.0556446Z,No directory to exclude.,,0
	2026-03-08T16:32:03.2086318Z,ls: cannot access '/tmp//splits/split.*': No such file or directory,,1
	2026-03-08T16:32:03.2570510Z,Created /tmp//filelist.txt. Total number of files to be synced = 0.,,0
	2026-03-08T16:32:03.6093056Z,Created batches from the list of files. Processing 1 files in each thread,,0
	2026-03-08T16:32:03.8279350Z,Completed successfully in 2 seconds,,0
2026-03-08T16:32:05.6994579Z,Build completed succesfully.,e5acb78f-7f2c-4594-acef-68649f65a918,0
2026-03-08T16:32:08.2632924Z,Running post deployment command(s)...,e8f3a333-3155-47ca-8310-cc2802eef2b8,0
2026-03-08T16:32:10.3885289Z,Triggering container recycle for OneDeploy by adding/updating restartTrigger.txt to the site root path,a0203c59-95b2-4b79-974d-248f902c2f95,0
2026-03-08T16:32:12.0418805Z,Deployment successful. deployer = OneDeploy deploymentPath = OneDeploy,77ba5829-726a-4d6b-b690-3edc3f0e5af8,0
